ok: [172.35.0.248] => {
    "msg": [
        "PodName: PDPOD1", 
        [
            "15:Key '10001:ProxyKey' not found.", 
            "17:Key '10769:ProxyKey' not found.", 
            "19:Key '10004:ProxyKey' not found.", 
            "21:Key '10040:ProxyKey' not found.", 
            "23:Key '10818:ProxyKey' not found.", 
            "25:Key '10199:ProxyKey' not found.", 
            "27:Key '10200:ProxyKey' not found.", 
            "29:Key '10201:ProxyKey' not found.", 
            "31:Key '10205:ProxyKey' not found.", 
            "33:Key '10856:ProxyKey' not found.", 
            "35:Key '10352:ProxyKey' not found."
        ]
    ]
}
ok: [172.35.0.9] => {
    "msg": [
        "PodName: PDPOD2", 
        [
            "7:Key '10819:ProxyKey' not found.", 
            "9:Key '10334:ProxyKey' not found.", 
            "11:Key '10401:ProxyKey' not found."
        ]
    ]
}
ok: [172.35.0.249] => {
    "msg": [
        "PodName: PDPOD3", 
        [
            "9:Key '1:ProxyKey' not found.", 
            "11:Key '10317:ProxyKey' not found.", 
            "13:Key '10034:ProxyKey' not found.", 
            "15:Key '10805:ProxyKey' not found.", 
            "17:Key '10364:ProxyKey' not found."
        ]
    ]
}
ok: [172.35.0.217] => {
    "msg": [
        "PodName: PDPOD4", 
        [
            "10:Key '10639:ProxyKey' not found.", 
            "12:Key '10270:ProxyKey' not found.", 
            "14:Key '10031:ProxyKey' not found.", 
            "16:Key '10942:ProxyKey' not found.", 
            "18:Key '10585:ProxyKey' not found.", 
            "20:Key '10331:ProxyKey' not found."
        ]
    ]
}
ok: [172.35.0.191] => {
    "msg": [
        "PodName: pdpod5", 
        [
            "25:Key '11023:ProxyKey' not found.", 
            "27:Key '11026:ProxyKey' not found.", 
            "29:Key '11027:ProxyKey' not found.", 
            "31:Key '11030:ProxyKey' not found.", 
            "33:Key '11031:ProxyKey' not found.", 
            "35:Key '11036:ProxyKey' not found.", 
            "37:Key '11037:ProxyKey' not found.", 
            "39:Key '10271:ProxyKey' not found.", 
            "41:Key '11048:ProxyKey' not found.", 
            "43:Key '10559:ProxyKey' not found.", 
            "45:Key '10820:ProxyKey' not found.", 
            "47:Key '10565:ProxyKey' not found.", 
            "49:Key '10657:ProxyKey' not found.", 
            "51:Key '10659:ProxyKey' not found.", 
            "53:Key '10672:ProxyKey' not found.", 
            "55:Key '10699:ProxyKey' not found.", 
            "57:Key '10700:ProxyKey' not found.", 
            "59:Key '10209:ProxyKey' not found.", 
            "61:Key '10210:ProxyKey' not found.", 
            "63:Key '10212:ProxyKey' not found.", 
            "65:Key '10724:ProxyKey' not found."
        ]
    ]
}
ok: [172.35.0.137] => {
    "msg": [
        "PodName: pdpod6", 
        []
    ]
}
ok: [172.35.0.134] => {
    "msg": [
        "PodName: pdpod7", 
        [
            "25:Key '1:ProxyKey' not found.", 
            "27:Key '10242:ProxyKey' not found.", 
            "29:Key '10768:ProxyKey' not found.", 
            "31:Key '10783:ProxyKey' not found.", 
            "33:Key '10273:ProxyKey' not found.", 
            "35:Key '11075:ProxyKey' not found.", 
            "37:Key '10822:ProxyKey' not found.", 
            "39:Key '11078:ProxyKey' not found.", 
            "41:Key '11080:ProxyKey' not found.", 
            "43:Key '11085:ProxyKey' not found.", 
            "45:Key '10893:ProxyKey' not found.", 
            "47:Key '11188:ProxyKey' not found.", 
            "49:Key '11191:ProxyKey' not found.", 
            "51:Key '10216:ProxyKey' not found.", 
            "53:Key '10217:ProxyKey' not found.", 
            "55:Key '10732:ProxyKey' not found.", 
            "57:Key '10733:ProxyKey' not found.", 
            "59:Key '10734:ProxyKey' not found.", 
            "61:Key '10735:ProxyKey' not found.", 
            "63:Key '10749:ProxyKey' not found.", 
            "65:Key '10238:ProxyKey' not found."
        ]
    ]
}
ok: [172.35.0.168] => {
    "msg": [
        "PodName: pdpod8", 
        [
            "20:Key '10767:ProxyKey' not found.", 
            "22:Key '10768:ProxyKey' not found.", 
            "24:Key '10901:ProxyKey' not found.", 
            "26:Key '10263:ProxyKey' not found.", 
            "28:Key '10906:ProxyKey' not found.", 
            "30:Key '10907:ProxyKey' not found.", 
            "32:Key '10914:ProxyKey' not found.", 
            "34:Key '10915:ProxyKey' not found.", 
            "36:Key '10929:ProxyKey' not found.", 
            "38:Key '10935:ProxyKey' not found.", 
            "40:Key '10936:ProxyKey' not found.", 
            "42:Key '10938:ProxyKey' not found.", 
            "44:Key '10946:ProxyKey' not found.", 
            "46:Key '10823:ProxyKey' not found.", 
            "48:Key '10958:ProxyKey' not found.", 
            "50:Key '10732:ProxyKey' not found."
        ]
    ]
}
ok: [172.35.0.66] => {
    "msg": [
        "PodName: pdpod9", 
        [
            "23:Key '10388:ProxyKey' not found.", 
            "25:Key '10392:ProxyKey' not found.", 
            "27:Key '11164:ProxyKey' not found.", 
            "29:Key '10269:ProxyKey' not found.", 
            "31:Key '10276:ProxyKey' not found.", 
            "33:Key '11049:ProxyKey' not found.", 
            "35:Key '10289:ProxyKey' not found.", 
            "37:Key '11186:ProxyKey' not found.", 
            "39:Key '10295:ProxyKey' not found.", 
            "41:Key '10299:ProxyKey' not found.", 
            "43:Key '10304:ProxyKey' not found.", 
            "45:Key '10824:ProxyKey' not found.", 
            "47:Key '10326:ProxyKey' not found.", 
            "49:Key '11224:ProxyKey' not found.", 
            "51:Key '11225:ProxyKey' not found.", 
            "53:Key '11226:ProxyKey' not found.", 
            "55:Key '11227:ProxyKey' not found.", 
            "57:Key '10335:ProxyKey' not found.", 
            "59:Key '10336:ProxyKey' not found."
        ]
    ]
}
ok: [172.35.0.110] => {
    "msg": [
        "PodName: pdpod10", 
        [
            "13:Key '10786:ProxyKey' not found.", 
            "15:Key '10277:ProxyKey' not found.", 
            "17:Key '10922:ProxyKey' not found.", 
            "19:Key '10283:ProxyKey' not found.", 
            "21:Key '10825:ProxyKey' not found.", 
            "23:Key '10959:ProxyKey' not found.", 
            "25:Key '10968:ProxyKey' not found.", 
            "27:Key '10361:ProxyKey' not found.", 
            "29:Key '10877:ProxyKey' not found."
        ]
    ]
}
ok: [172.35.0.138] => {
    "msg": [
        "PodName: pdpod11", 
        [
            "16:Key '10534:ProxyKey' not found.", 
            "18:Key '10797:ProxyKey' not found.", 
            "20:Key '10414:ProxyKey' not found.", 
            "22:Key '10800:ProxyKey' not found.", 
            "24:Key '10826:ProxyKey' not found.", 
            "26:Key '11228:ProxyKey' not found.", 
            "28:Key '11229:ProxyKey' not found.", 
            "30:Key '11230:ProxyKey' not found.", 
            "32:Key '10727:ProxyKey' not found.", 
            "34:Key '10858:ProxyKey' not found.", 
            "36:Key '10862:ProxyKey' not found.", 
            "38:Key '10865:ProxyKey' not found."
        ]
    ]
}
ok: [172.35.0.62] => {
    "msg": [
        "PodName: pdpod12", 
        [
            "7:Key '10503:ProxyKey' not found.", 
            "9:Key '10827:ProxyKey' not found.", 
            "11:Key '10494:ProxyKey' not found."
        ]
    ]
}
ok: [172.35.0.59] => {
    "msg": [
        "PodName: pdpod13", 
        [
            "19:Key '11061:ProxyKey' not found.", 
            "21:Key '11070:ProxyKey' not found.", 
            "23:Key '10316:ProxyKey' not found.", 
            "25:Key '10828:ProxyKey' not found.", 
            "27:Key '10832:ProxyKey' not found.", 
            "29:Key '10846:ProxyKey' not found.", 
            "31:Key '10591:ProxyKey' not found.", 
            "33:Key '10847:ProxyKey' not found.", 
            "35:Key '11168:ProxyKey' not found.", 
            "37:Key '11169:ProxyKey' not found.", 
            "39:Key '10403:ProxyKey' not found.", 
            "41:Key '10408:ProxyKey' not found.", 
            "43:Key '11177:ProxyKey' not found.", 
            "45:Key '11179:ProxyKey' not found.", 
            "47:Key '11180:ProxyKey' not found."
        ]
    ]
}
ok: [172.35.0.120] => {
    "msg": [
        "PodName: pdpod14platform", 
        [
            "6:Key '10829:ProxyKey' not found.", 
            "8:Key '10320:ProxyKey' not found."
        ]
    ]
}
ok: [172.35.0.201] => {
    "msg": [
        "PodName: pdpod16", 
        [
            "6:Key '10348:ProxyKey' not found.", 
            "8:Key '10831:ProxyKey' not found."
        ]
    ]
}
ok: [172.35.0.63] => {
    "msg": [
        "PodName: pdpod17", 
        [
            "6:Key '10833:ProxyKey' not found.", 
            "8:Key '10366:ProxyKey' not found."
        ]
    ]
}
ok: [172.35.0.24] => {
    "msg": [
        "PodName: pdpod18platform", 
        [
            "6:Key '10374:ProxyKey' not found.", 
            "8:Key '10834:ProxyKey' not found."
        ]
    ]
}
ok: [172.35.0.184] => {
    "msg": [
        "PodName: pdpod19platform", 
        [
            "12:Key '1:ProxyKey' not found.", 
            "14:Key '10018:ProxyKey' not found.", 
            "16:Key '10835:ProxyKey' not found.", 
            "18:Key '10972:ProxyKey' not found.", 
            "20:Key '10973:ProxyKey' not found.", 
            "22:Key '10979:ProxyKey' not found.", 
            "24:Key '10990:ProxyKey' not found.", 
            "26:Key '10991:ProxyKey' not found."
        ]
    ]
}
ok: [172.35.0.20] => {
    "msg": [
        "PodName: pdpod20", 
        [
            "10:Key '10435:ProxyKey' not found.", 
            "12:Key '10437:ProxyKey' not found.", 
            "14:Key '11021:ProxyKey' not found.", 
            "16:Key '10836:ProxyKey' not found.", 
            "18:Key '11033:ProxyKey' not found.", 
            "20:Key '10548:ProxyKey' not found."
        ]
    ]
}
ok: [172.35.0.93] => {
    "msg": [
        "PodName: pdpod15", 
        [
            "7:Key '10830:ProxyKey' not found.", 
            "9:Key '10672:ProxyKey' not found.", 
            "11:Key '10684:ProxyKey' not found."
        ]
    ]
}
ok: [172.35.0.218] => {
    "msg": [
        "PodName: pdpod21", 
        [
            "8:Key '10837:ProxyKey' not found.", 
            "10:Key '10488:ProxyKey' not found.", 
            "12:Key '11084:ProxyKey' not found.", 
            "14:Key '10477:ProxyKey' not found."
        ]
    ]
}
ok: [172.35.0.145] => {
    "msg": [
        "PodName: pdpod22", 
        [
            "6:Key '10722:ProxyKey' not found.", 
            "8:Key '10838:ProxyKey' not found."
        ]
    ]
}
ok: [172.35.0.196] => {
    "msg": [
        "PodName: pdpod23platform", 
        [
            "6:Key '10539:ProxyKey' not found.", 
            "8:Key '10839:ProxyKey' not found."
        ]
    ]
}
ok: [172.70.0.224] => {
    "msg": [
        "PodName: pdpod7000", 
        [
            "5:Key '330001:ProxyKey' not found."
        ]
    ]
}
ok: [172.35.0.240] => {
    "msg": [
        "PodName: pdpod27", 
        [
            "6:Key '11125:ProxyKey' not found.", 
            "8:Key '11019:ProxyKey' not found."
        ]
    ]
}
ok: [172.35.0.253] => {
    "msg": [
        "PodName: pdpod28", 
        [
            "6:Key '11127:ProxyKey' not found.", 
            "8:Key '11038:ProxyKey' not found."
        ]
    ]
}
ok: [172.35.0.51] => {
    "msg": [
        "PodName: pdpod29", 
        [
            "8:Key '11098:ProxyKey' not found.", 
            "10:Key '11121:ProxyKey' not found.", 
            "12:Key '11128:ProxyKey' not found.", 
            "14:Key '11132:ProxyKey' not found."
        ]
    ]
}
ok: [172.35.0.206] => {
    "msg": [
        "PodName: pdpod31", 
        [
            "12:Key '1:ProxyKey' not found.", 
            "14:Key '11201:ProxyKey' not found.", 
            "16:Key '11211:ProxyKey' not found.", 
            "18:Key '11212:ProxyKey' not found.", 
            "20:Key '11213:ProxyKey' not found.", 
            "22:Key '11214:ProxyKey' not found.", 
            "24:Key '11215:ProxyKey' not found.", 
            "26:Key '11197:ProxyKey' not found."
        ]
    ]
}
ok: [172.35.0.35] => {
    "msg": [
        "PodName: pdpod32", 
        [
            "6:Key '11201:ProxyKey' not found.", 
            "8:Key '11207:ProxyKey' not found."
        ]
    ]
}
ok: [172.35.0.8] => {
    "msg": [
        "PodName: pdpod33", 
        [
            "19:Key '11247:ProxyKey' not found.", 
            "21:Key '11216:ProxyKey' not found.", 
            "23:Key '11217:ProxyKey' not found.", 
            "25:Key '11249:ProxyKey' not found.", 
            "27:Key '11218:ProxyKey' not found.", 
            "29:Key '11250:ProxyKey' not found.", 
            "31:Key '11219:ProxyKey' not found.", 
            "33:Key '11251:ProxyKey' not found.", 
            "35:Key '11220:ProxyKey' not found.", 
            "37:Key '11252:ProxyKey' not found.", 
            "39:Key '11221:ProxyKey' not found.", 
            "41:Key '11253:ProxyKey' not found.", 
            "43:Key '11222:ProxyKey' not found.", 
            "45:Key '11254:ProxyKey' not found.", 
            "47:Key '11223:ProxyKey' not found."
        ]
    ]
}
ok: [172.35.0.114] => {
    "msg": [
        "PodName: pdpod34", 
        [
            "20:Key '1:ProxyKey' not found.", 
            "22:Key '11233:ProxyKey' not found.", 
            "24:Key '11234:ProxyKey' not found.", 
            "26:Key '11235:ProxyKey' not found.", 
            "28:Key '11236:ProxyKey' not found.", 
            "30:Key '11237:ProxyKey' not found.", 
            "32:Key '11238:ProxyKey' not found.", 
            "34:Key '11239:ProxyKey' not found.", 
            "36:Key '11240:ProxyKey' not found.", 
            "38:Key '11241:ProxyKey' not found.", 
            "40:Key '11242:ProxyKey' not found.", 
            "42:Key '11243:ProxyKey' not found.", 
            "44:Key '11244:ProxyKey' not found.", 
            "46:Key '11245:ProxyKey' not found.", 
            "48:Key '11246:ProxyKey' not found.", 
            "50:Key '11231:ProxyKey' not found."
        ]
    ]
}
ok: [172.55.26.234] => {
    "msg": [
        "PodName: pdpod2001", 
        [
            "14:Key '90001:ProxyKey' not found.", 
            "16:Key '90000:ProxyKey' not found.", 
            "18:Key '90003:ProxyKey' not found.", 
            "20:Key '90002:ProxyKey' not found.", 
            "22:Key '90005:ProxyKey' not found.", 
            "24:Key '90004:ProxyKey' not found.", 
            "26:Key '90012:ProxyKey' not found.", 
            "28:Key '90017:ProxyKey' not found.", 
            "30:Key '90018:ProxyKey' not found.", 
            "32:Key '90032:ProxyKey' not found."
        ]
    ]
}
ok: [172.72.0.222] => {
    "msg": [
        "PodName: pdpod4000", 
        []
    ]
}
ok: [172.45.211.130] => {
    "msg": [
        "PodName: pdpod1000", 
        [
            "15:Key '10308:ProxyKey' not found.", 
            "17:Key '70037:ProxyKey' not found.", 
            "19:Key '70045:ProxyKey' not found.", 
            "21:Key '70046:ProxyKey' not found.", 
            "23:Key '10343:ProxyKey' not found.", 
            "25:Key '10344:ProxyKey' not found.", 
            "27:Key '70001:ProxyKey' not found.", 
            "29:Key '70065:ProxyKey' not found.", 
            "31:Key '70000:ProxyKey' not found.", 
            "33:Key '70002:ProxyKey' not found.", 
            "35:Key '70007:ProxyKey' not found."
        ]
    ]
}
ok: [172.45.39.94] => {
    "msg": [
        "PodName: pdpod1002", 
        [
            "5:Key '70028:ProxyKey' not found."
        ]
    ]
}
ok: [172.45.88.131] => {
    "msg": [
        "PodName: pdpod1003", 
        [
            "23:Key '1:ProxyKey' not found.", 
            "25:Key '70083:ProxyKey' not found.", 
            "27:Key '70082:ProxyKey' not found.", 
            "29:Key '70085:ProxyKey' not found.", 
            "31:Key '70084:ProxyKey' not found.", 
            "33:Key '70087:ProxyKey' not found.", 
            "35:Key '70086:ProxyKey' not found.", 
            "37:Key '70089:ProxyKey' not found.", 
            "39:Key '70088:ProxyKey' not found.", 
            "41:Key '70091:ProxyKey' not found.", 
            "43:Key '70090:ProxyKey' not found.", 
            "45:Key '70053:ProxyKey' not found.", 
            "47:Key '70062:ProxyKey' not found.", 
            "49:Key '70073:ProxyKey' not found.", 
            "51:Key '70072:ProxyKey' not found.", 
            "53:Key '70075:ProxyKey' not found.", 
            "55:Key '70076:ProxyKey' not found.", 
            "57:Key '70079:ProxyKey' not found.", 
            "59:Key '70078:ProxyKey' not found."
        ]
    ]
}
ok: [172.45.165.67] => {
    "msg": [
        "PodName: pdpod1001", 
        [
            "12:Key '70021:ProxyKey' not found.", 
            "14:Key '10329:ProxyKey' not found.", 
            "16:Key '10342:ProxyKey' not found.", 
            "18:Key '10343:ProxyKey' not found.", 
            "20:Key '70054:ProxyKey' not found.", 
            "22:Key '10344:ProxyKey' not found.", 
            "24:Key '10488:ProxyKey' not found.", 
            "26:Key '70008:ProxyKey' not found."
        ]
    ]
}

