ok: [172.45.211.130] => {
    "msg": [
        "PodName: pdpod1000", 
        [
            "43:Updated the CSP Refresh token for PolicyManagerDataSource mk=70037:928:3719495250358587877", 
            "79:Updated the CSP Refresh token for PolicyManagerDataSource mk=70037:928:8932131266672559873"
        ]
    ]
}
ok: [172.45.88.131] => {
    "msg": [
        "PodName: pdpod1003", 
        [
            "143:Updated the CSP Refresh token for PolicyManagerDataSource mk=70086:928:2109991368696683971"
        ]
    ]
}
ok: [172.35.0.248] => {
    "msg": [
        "PodName: PDPOD1", 
        [
            "63:Updated the CSP Refresh token for PolicyManagerDataSource mk=10004:928:1364048973", 
            "112:Updated the CSP Refresh token for PolicyManagerDataSource mk=10040:928:1011595703"
        ]
    ]
}
ok: [172.35.0.217] => {
    "msg": [
        "PodName: PDPOD4", 
        [
            "23:Updated the CSP Refresh token for PolicyManagerDataSource mk=10639:928:1143909468", 
            "40:Updated the CSP Refresh token for PolicyManagerDataSource mk=10639:928:1001358359", 
            "157:Updated the CSP Refresh token for PolicyManagerDataSource mk=10331:928:2076624558", 
            "174:Updated the CSP Refresh token for PolicyManagerDataSource mk=10331:928:708924962795163875"
        ]
    ]
}
ok: [172.35.0.191] => {
    "msg": [
        "PodName: pdpod5", 
        [
            "283:Updated the CSP Refresh token for PolicyManagerDataSource mk=10659:928:1510030867192955730", 
            "352:Updated the CSP Refresh token for PolicyManagerDataSource mk=10699:928:167355470", 
            "421:Updated the CSP Refresh token for PolicyManagerDataSource mk=10209:928:5326931467928309083", 
            "490:Updated the CSP Refresh token for PolicyManagerDataSource mk=10212:928:1963783971221482430", 
            "539:Updated the CSP Refresh token for PolicyManagerDataSource mk=10724:928:1722755117817670957", 
            "556:Updated the CSP Refresh token for PolicyManagerDataSource mk=10724:928:9169223544620651576"
        ]
    ]
}
ok: [172.35.0.137] => {
    "msg": [
        "PodName: pdpod6", 
        [
            "63:Updated the CSP Refresh token for PolicyManagerDataSource mk=11159:928:4592871303964477110", 
            "80:Updated the CSP Refresh token for PolicyManagerDataSource mk=11159:928:2133821960310688859", 
            "97:Updated the CSP Refresh token for PolicyManagerDataSource mk=11159:928:7713647734772552322", 
            "114:Updated the CSP Refresh token for PolicyManagerDataSource mk=11159:928:5636260892059533306", 
            "131:Updated the CSP Refresh token for PolicyManagerDataSource mk=11159:928:2487591838704413250", 
            "148:Updated the CSP Refresh token for PolicyManagerDataSource mk=11159:928:5292897758330978742", 
            "226:Updated the CSP Refresh token for PolicyManagerDataSource mk=10788:928:6573145970405611652"
        ]
    ]
}
ok: [172.35.0.134] => {
    "msg": [
        "PodName: pdpod7", 
        [
            "283:Updated the CSP Refresh token for PolicyManagerDataSource mk=10216:928:1208305676"
        ]
    ]
}
ok: [172.35.0.168] => {
    "msg": [
        "PodName: pdpod8", 
        [
            "103:Updated the CSP Refresh token for PolicyManagerDataSource mk=10906:928:3598096286322198972", 
            "320:Updated the CSP Refresh token for PolicyManagerDataSource mk=10958:928:4632862131309397533"
        ]
    ]
}
ok: [172.35.0.66] => {
    "msg": [
        "PodName: pdpod9", 
        [
            "43:Updated the CSP Refresh token for PolicyManagerDataSource mk=10392:928:5343816483044838936", 
            "72:Updated the CSP Refresh token for PolicyManagerDataSource mk=10392:928:5259541025446624178", 
            "221:Updated the CSP Refresh token for PolicyManagerDataSource mk=11186:928:7069947788256596392", 
            "358:Updated the CSP Refresh token for PolicyManagerDataSource mk=11224:928:1721641482485931763"
        ]
    ]
}
ok: [172.35.0.110] => {
    "msg": [
        "PodName: pdpod10", 
        [
            "23:Updated the CSP Refresh token for PolicyManagerDataSource mk=10786:928:4271954237215588834", 
            "40:Updated the CSP Refresh token for PolicyManagerDataSource mk=10786:928:2243386699792289057"
        ]
    ]
}
ok: [172.35.0.59] => {
    "msg": [
        "PodName: pdpod13", 
        [
            "143:Updated the CSP Refresh token for PolicyManagerDataSource mk=10591:928:320801995", 
            "232:Updated the CSP Refresh token for PolicyManagerDataSource mk=11169:928:5975391991443159016", 
            "249:Updated the CSP Refresh token for PolicyManagerDataSource mk=11169:928:7712999273957114628", 
            "286:Updated the CSP Refresh token for PolicyManagerDataSource mk=10403:928:7140259234899675206", 
            "303:Updated the CSP Refresh token for PolicyManagerDataSource mk=10403:928:5034489533912595885", 
            "320:Updated the CSP Refresh token for PolicyManagerDataSource mk=10403:928:794414683", 
            "337:Updated the CSP Refresh token for PolicyManagerDataSource mk=10403:928:6223720704084234848", 
            "354:Updated the CSP Refresh token for PolicyManagerDataSource mk=10403:928:1437541420092871061", 
            "371:Updated the CSP Refresh token for PolicyManagerDataSource mk=10403:928:8291088692088904503"
        ]
    ]
}
ok: [172.35.0.145] => {
    "msg": [
        "PodName: pdpod22", 
        [
            "23:Updated the CSP Refresh token for PolicyManagerDataSource mk=10722:928:8812280914833624354", 
            "40:Updated the CSP Refresh token for PolicyManagerDataSource mk=10722:928:2198745234493082523", 
            "57:Updated the CSP Refresh token for PolicyManagerDataSource mk=10722:928:4755914619176246487", 
            "74:Updated the CSP Refresh token for PolicyManagerDataSource mk=10722:928:7572820433000068268", 
            "91:Updated the CSP Refresh token for PolicyManagerDataSource mk=10722:928:8434533474687018850", 
            "108:Updated the CSP Refresh token for PolicyManagerDataSource mk=10722:928:2546421944466039529", 
            "144:Updated the CSP Refresh token for PolicyManagerDataSource mk=10722:928:8585039555154181169", 
            "161:Updated the CSP Refresh token for PolicyManagerDataSource mk=10722:928:4248885854837765614", 
            "197:Updated the CSP Refresh token for PolicyManagerDataSource mk=10722:928:6301412212936685996", 
            "214:Updated the CSP Refresh token for PolicyManagerDataSource mk=10722:928:175346154765602074", 
            "231:Updated the CSP Refresh token for PolicyManagerDataSource mk=10722:928:7567212950541195062", 
            "248:Updated the CSP Refresh token for PolicyManagerDataSource mk=10722:928:5395620666563251125", 
            "265:Updated the CSP Refresh token for PolicyManagerDataSource mk=10722:928:6169088282618568063"
        ]
    ]
}
ok: [172.35.0.175] => {
    "msg": [
        "PodName: pdpod26", 
        [
            "23:Updated the CSP Refresh token for PolicyManagerDataSource mk=10984:928:4733808958279738364", 
            "40:Updated the CSP Refresh token for PolicyManagerDataSource mk=10984:928:5584779574123440274"
        ]
    ]
}
ok: [172.35.0.253] => {
    "msg": [
        "PodName: pdpod28", 
        [
            "43:Updated the CSP Refresh token for PolicyManagerDataSource mk=11038:928:1201426417706933767", 
            "72:Updated the CSP Refresh token for PolicyManagerDataSource mk=11038:928:2665463437549639165", 
            "101:Updated the CSP Refresh token for PolicyManagerDataSource mk=11038:928:2671309024805916794", 
            "132:Updated the CSP Refresh token for PolicyManagerDataSource mk=11038:928:2801371964789540815"
        ]
    ]
}
ok: [172.35.0.51] => {
    "msg": [
        "PodName: pdpod29", 
        [
            "43:Updated the CSP Refresh token for PolicyManagerDataSource mk=11121:928:1425026347156087621"
        ]
    ]
}
ok: [172.35.0.206] => {
    "msg": [
        "PodName: pdpod31", 
        [
            "163:Updated the CSP Refresh token for PolicyManagerDataSource mk=11197:928:885799731449318792"
        ]
    ]
}
ok: [172.35.0.35] => {
    "msg": [
        "PodName: pdpod32", 
        [
            "23:Updated the CSP Refresh token for PolicyManagerDataSource mk=11201:928:1153001622512402016", 
            "72:Updated the CSP Refresh token for PolicyManagerDataSource mk=11207:928:7968300764646478123"
        ]
    ]
}
ok: [172.35.0.114] => {
    "msg": [
        "PodName: pdpod34", 
        [
            "123:Updated the CSP Refresh token for PolicyManagerDataSource mk=11237:928:1629363488466557261"
        ]
    ]
}