
PLAY [Scan vip service jar and patch] **************************************************************************************************************************************************************************

TASK [Gathering Facts] *****************************************************************************************************************************************************************************************
ok: [172.35.1.120]

TASK [Pod ID] **************************************************************************************************************************************************************************************************
changed: [172.35.1.120]

TASK [Create target dir] ***************************************************************************************************************************************************************************************
changed: [172.35.1.120]

TASK [Copy scan script] ****************************************************************************************************************************************************************************************
changed: [172.35.1.120]

TASK [Execute scan script] *************************************************************************************************************************************************************************************
changed: [172.35.1.120]

TASK [Fetch results] *******************************************************************************************************************************************************************************************
changed: [172.35.1.120]

TASK [Print result] ********************************************************************************************************************************************************************************************
ok: [172.35.1.120] => {
    "msg": [
        "PodName: pdpod37", 
        "Logs", 
        [
            "Patching /opt/hbck/hbase-hbck2.jar", 
            "Patching /opt/datadog-agent/bin/agent/dist/jmx/jmxfetch.jar", 
            "Patching /usr/lib/hadoop/lib/log4j-core-2.8.2.jar", 
            "Patching /home/ubuntu/log4j_original/log4j-core-2.11.1.jar", 
            "/home/ubuntu/log4j_original/log4j-core-2.11.1.jar not found", 
            "Patching /home/ubuntu/deploy/flink/lib/log4j-core-2.12.1.jar", 
            "Patching /home/ubuntu/deploy/flink/bin/bash-java-utils.jar", 
            "Patching /home/ubuntu/build-target/hbase/hbase-hbck2.jar", 
            "Patching /usr/share/elasticsearch/lib/log4j-core-2.11.1.jar", 
            "Checking /home/ubuntu/build-target/vipservice/vipservice.jar", 
            "Fixing /var/lib/tmp/vipscratch/jar-fixer/BOOT-INF/lib/log4j-core-2.14.1.jar", 
            "Patched vipservice"
        ]
    ]
}

PLAY RECAP *****************************************************************************************************************************************************************************************************
172.35.1.120               : ok=7    changed=5    unreachable=0    failed=0    skipped=0    rescued=0    ignored=0   

